0 info it worked if it ends with ok
1 verbose cli [ 'C:\\Program Files\\nodejs\\node.exe',
1 verbose cli   'C:\\Program Files\\nodejs\\node_modules\\npm\\bin\\npm-cli.js',
1 verbose cli   'publish' ]
2 info using npm@3.10.3
3 info using node@v6.3.1
4 verbose publish [ '.' ]
5 silly cache add args [ '.', null ]
6 verbose cache add spec .
7 silly cache add parsed spec Result {
7 silly cache add   raw: '.',
7 silly cache add   scope: null,
7 silly cache add   escapedName: null,
7 silly cache add   name: null,
7 silly cache add   rawSpec: '.',
7 silly cache add   spec: 'C:\\Users\\fusselwurm\\Documents\\arma 3\\missions\\grad_factions.vr',
7 silly cache add   type: 'directory' }
8 verbose addLocalDirectory C:\Users\fusselwurm\AppData\Roaming\npm-cache\grad-factions-VR\0.1.2\package.tgz not in flight; packing
9 verbose correctMkdir C:\Users\fusselwurm\AppData\Roaming\npm-cache correctMkdir not in flight; initializing
10 info lifecycle grad-factions-VR@0.1.2~prepublish: grad-factions-VR@0.1.2
11 silly lifecycle grad-factions-VR@0.1.2~prepublish: no script for prepublish, continuing
12 verbose tar pack [ 'C:\\Users\\fusselwurm\\AppData\\Roaming\\npm-cache\\grad-factions-VR\\0.1.2\\package.tgz',
12 verbose tar pack   'C:\\Users\\fusselwurm\\Documents\\arma 3\\missions\\grad_factions.vr' ]
13 verbose tarball C:\Users\fusselwurm\AppData\Roaming\npm-cache\grad-factions-VR\0.1.2\package.tgz
14 verbose folder C:\Users\fusselwurm\Documents\arma 3\missions\grad_factions.vr
15 verbose addLocalTarball adding from inside cache C:\Users\fusselwurm\AppData\Roaming\npm-cache\grad-factions-VR\0.1.2\package.tgz
16 verbose correctMkdir C:\Users\fusselwurm\AppData\Roaming\npm-cache correctMkdir not in flight; initializing
17 silly cache afterAdd grad-factions-VR@0.1.2
18 verbose afterAdd C:\Users\fusselwurm\AppData\Roaming\npm-cache\grad-factions-VR\0.1.2\package\package.json not in flight; writing
19 verbose correctMkdir C:\Users\fusselwurm\AppData\Roaming\npm-cache correctMkdir not in flight; initializing
20 verbose afterAdd C:\Users\fusselwurm\AppData\Roaming\npm-cache\grad-factions-VR\0.1.2\package\package.json written
21 silly publish { name: 'grad-factions-VR',
21 silly publish   contributors: [ { name: 'Nomisum' } ],
21 silly publish   description: 'Test mission for grad-loadout and grad-factions combined',
21 silly publish   version: '0.1.2',
21 silly publish   dependencies: { 'grad-factions': '^0.2.0' },
21 silly publish   readme: '# grad_factions.vr\r\n\r\nFactions for grad-loadout\r\n\r\nhttp://www.gruppe-adler.de\r\n',
21 silly publish   readmeFilename: 'README.md',
21 silly publish   gitHead: 'cf4f72edd7fd5437cb0117cf33c8545f412ca78a',
21 silly publish   _id: 'grad-factions-VR@0.1.2',
21 silly publish   scripts: {},
21 silly publish   _shasum: '40900352787585ea58de72a397397320afe0f09e',
21 silly publish   _from: '.' }
22 verbose getPublishConfig undefined
23 silly mapToRegistry name grad-factions-VR
24 silly mapToRegistry using default registry
25 silly mapToRegistry registry https://registry.npmjs.org/
26 silly mapToRegistry data Result {
26 silly mapToRegistry   raw: 'grad-factions-VR',
26 silly mapToRegistry   scope: null,
26 silly mapToRegistry   escapedName: 'grad-factions-VR',
26 silly mapToRegistry   name: 'grad-factions-VR',
26 silly mapToRegistry   rawSpec: '',
26 silly mapToRegistry   spec: 'latest',
26 silly mapToRegistry   type: 'tag' }
27 silly mapToRegistry uri https://registry.npmjs.org/grad-factions-VR
28 verbose publish registryBase https://registry.npmjs.org/
29 silly publish uploading C:\Users\fusselwurm\AppData\Roaming\npm-cache\grad-factions-VR\0.1.2\package.tgz
30 verbose request uri https://registry.npmjs.org/grad-factions-VR
31 verbose request sending authorization for write operation
32 info attempt registry request try #1 at 22:24:00
33 verbose request using bearer token for auth
34 verbose request id cc72ca3f390ade01
35 http request PUT https://registry.npmjs.org/grad-factions-VR
36 http 403 https://registry.npmjs.org/grad-factions-VR
37 verbose headers { 'content-type': 'application/json',
37 verbose headers   'cache-control': 'max-age=300',
37 verbose headers   'content-length': '95',
37 verbose headers   'accept-ranges': 'bytes',
37 verbose headers   date: 'Thu, 20 Oct 2016 20:23:58 GMT',
37 verbose headers   via: '1.1 varnish',
37 verbose headers   connection: 'keep-alive',
37 verbose headers   'x-served-by': 'cache-fra1241-FRA',
37 verbose headers   'x-cache': 'MISS',
37 verbose headers   'x-cache-hits': '0',
37 verbose headers   'x-timer': 'S1476995036.845976,VS0,VE1160',
37 verbose headers   vary: 'Accept-Encoding' }
38 verbose request invalidating C:\Users\fusselwurm\AppData\Roaming\npm-cache\registry.npmjs.org\grad-factions-VR on PUT
39 error publish Failed PUT 403
40 verbose stack Error: "You cannot publish over the previously published version 0.1.2." : grad-factions-VR
40 verbose stack     at makeError (C:\Program Files\nodejs\node_modules\npm\node_modules\npm-registry-client\lib\request.js:264:12)
40 verbose stack     at CachingRegistryClient.<anonymous> (C:\Program Files\nodejs\node_modules\npm\node_modules\npm-registry-client\lib\request.js:252:14)
40 verbose stack     at Request._callback (C:\Program Files\nodejs\node_modules\npm\node_modules\npm-registry-client\lib\request.js:172:14)
40 verbose stack     at Request.self.callback (C:\Program Files\nodejs\node_modules\npm\node_modules\request\request.js:200:22)
40 verbose stack     at emitTwo (events.js:106:13)
40 verbose stack     at Request.emit (events.js:191:7)
40 verbose stack     at Request.<anonymous> (C:\Program Files\nodejs\node_modules\npm\node_modules\request\request.js:1067:10)
40 verbose stack     at emitOne (events.js:101:20)
40 verbose stack     at Request.emit (events.js:188:7)
40 verbose stack     at IncomingMessage.<anonymous> (C:\Program Files\nodejs\node_modules\npm\node_modules\request\request.js:988:12)
41 verbose statusCode 403
42 verbose pkgid grad-factions-VR
43 verbose cwd C:\Users\fusselwurm\Documents\arma 3\missions\grad_factions.vr
44 error Windows_NT 10.0.14393
45 error argv "C:\\Program Files\\nodejs\\node.exe" "C:\\Program Files\\nodejs\\node_modules\\npm\\bin\\npm-cli.js" "publish"
46 error node v6.3.1
47 error npm  v3.10.3
48 error code E403
49 error "You cannot publish over the previously published version 0.1.2." : grad-factions-VR
50 error If you need help, you may report this error at:
50 error     <https://github.com/npm/npm/issues>
51 verbose exit [ 1, true ]
